{
  messageFormat: undefined,
  stringValue: '"1"',
  kind: 'ObjectId',
  value: '1',
  path: '_id',
  reason: Error: Argument passed in must be a single String of 12 bytes or a string of 24 hex characters
      at new ObjectID (D:\NK Projects\express vidly\node_modules\bson\lib\bson\objectid.js:59:11)
      at castObjectId (D:\NK Projects\express vidly\node_modules\mongoose\lib\cast\objectid.js:25:12)
      at ObjectId.Object.<anonymous>.ObjectId.cast (D:\NK Projects\express vidly\node_modules\mongoose\lib\schema\objectid.js:245:12)
      at ObjectId.Object.<anonymous>.SchemaType.applySetters (D:\NK Projects\express vidly\node_modules\mongoose\lib\schematype.js:1123:12)
      at ObjectId.Object.<anonymous>.SchemaType._castForQuery (D:\NK Projects\express vidly\node_modules\mongoose\lib\schematype.js:1601:15)
      at ObjectId.Object.<anonymous>.SchemaType.castForQuery (D:\NK Projects\express vidly\node_modules\mongoose\lib\schematype.js:1591:15)
      at ObjectId.Object.<anonymous>.SchemaType.castForQueryWrapper (D:\NK Projects\express vidly\node_modules\mongoose\lib\schematype.js:1568:20)
      at cast (D:\NK Projects\express vidly\node_modules\mongoose\lib\cast.js:331:32)
      at model.Query.Object.<anonymous>.Query.cast (D:\NK Projects\express vidly\node_modules\mongoose\lib\query.js:4937:12)
      at model.Query.Object.<anonymous>.Query._castConditions (D:\NK Projects\express vidly\node_modules\mongoose\lib\query.js:1975:10)
      at model.Query.<anonymous> (D:\NK Projects\express vidly\node_modules\mongoose\lib\query.js:2232:8)
      at model.Query._wrappedThunk [as _findOne] (D:\NK Projects\express vidly\node_modules\mongoose\lib\helpers\query\wrapThunk.js:16:8)
      at D:\NK Projects\express vidly\node_modules\kareem\index.js:370:33
      at processTicksAndRejections (node:internal/process/task_queues:76:11),
  valueType: 'string',
  level: 'error',
  message: 'Cast to ObjectId failed for value "1" (type string) at path "_id" for model "Genre" Cast to ObjectId failed for value "1" (type string) at path "_id" for model "Genre"',
  stack: 'CastError: Cast to ObjectId failed for value "1" (type string) at path "_id" for model "Genre"\n' +
    '    at model.Query.exec (D:\\NK Projects\\express vidly\\node_modules\\mongoose\\lib\\query.js:4498:21)\n' +
    '    at model.Query.Object.<anonymous>.Query.then (D:\\NK Projects\\express vidly\\node_modules\\mongoose\\lib\\query.js:4592:15)\n' +
    '    at runMicrotasks (<anonymous>)\n' +
    '    at processTicksAndRejections (node:internal/process/task_queues:94:5)',
  timestamp: '2021-08-02T04:25:27.620Z'
}
{
  messageFormat: undefined,
  stringValue: '"1"',
  kind: 'ObjectId',
  value: '1',
  path: '_id',
  reason: Error: Argument passed in must be a single String of 12 bytes or a string of 24 hex characters
      at new ObjectID (D:\NK Projects\express vidly\node_modules\bson\lib\bson\objectid.js:59:11)
      at castObjectId (D:\NK Projects\express vidly\node_modules\mongoose\lib\cast\objectid.js:25:12)
      at ObjectId.Object.<anonymous>.ObjectId.cast (D:\NK Projects\express vidly\node_modules\mongoose\lib\schema\objectid.js:245:12)
      at ObjectId.Object.<anonymous>.SchemaType.applySetters (D:\NK Projects\express vidly\node_modules\mongoose\lib\schematype.js:1123:12)
      at ObjectId.Object.<anonymous>.SchemaType._castForQuery (D:\NK Projects\express vidly\node_modules\mongoose\lib\schematype.js:1601:15)
      at ObjectId.Object.<anonymous>.SchemaType.castForQuery (D:\NK Projects\express vidly\node_modules\mongoose\lib\schematype.js:1591:15)
      at ObjectId.Object.<anonymous>.SchemaType.castForQueryWrapper (D:\NK Projects\express vidly\node_modules\mongoose\lib\schematype.js:1568:20)
      at cast (D:\NK Projects\express vidly\node_modules\mongoose\lib\cast.js:331:32)
      at model.Query.Object.<anonymous>.Query.cast (D:\NK Projects\express vidly\node_modules\mongoose\lib\query.js:4937:12)
      at model.Query.Object.<anonymous>.Query._castConditions (D:\NK Projects\express vidly\node_modules\mongoose\lib\query.js:1975:10)
      at model.Query.<anonymous> (D:\NK Projects\express vidly\node_modules\mongoose\lib\query.js:2232:8)
      at model.Query._wrappedThunk [as _findOne] (D:\NK Projects\express vidly\node_modules\mongoose\lib\helpers\query\wrapThunk.js:16:8)
      at D:\NK Projects\express vidly\node_modules\kareem\index.js:370:33
      at processTicksAndRejections (node:internal/process/task_queues:76:11),
  valueType: 'string',
  level: 'error',
  message: 'Cast to ObjectId failed for value "1" (type string) at path "_id" for model "Genre" Cast to ObjectId failed for value "1" (type string) at path "_id" for model "Genre"',
  stack: 'CastError: Cast to ObjectId failed for value "1" (type string) at path "_id" for model "Genre"\n' +
    '    at model.Query.exec (D:\\NK Projects\\express vidly\\node_modules\\mongoose\\lib\\query.js:4498:21)\n' +
    '    at model.Query.Object.<anonymous>.Query.then (D:\\NK Projects\\express vidly\\node_modules\\mongoose\\lib\\query.js:4592:15)\n' +
    '    at processTicksAndRejections (node:internal/process/task_queues:94:5)',
  timestamp: '2021-08-02T04:25:45.654Z'
}
{
  messageFormat: undefined,
  stringValue: '"1"',
  kind: 'ObjectId',
  value: '1',
  path: '_id',
  reason: Error: Argument passed in must be a single String of 12 bytes or a string of 24 hex characters
      at new ObjectID (D:\NK Projects\express vidly\node_modules\bson\lib\bson\objectid.js:59:11)
      at castObjectId (D:\NK Projects\express vidly\node_modules\mongoose\lib\cast\objectid.js:25:12)
      at ObjectId.Object.<anonymous>.ObjectId.cast (D:\NK Projects\express vidly\node_modules\mongoose\lib\schema\objectid.js:245:12)
      at ObjectId.Object.<anonymous>.SchemaType.applySetters (D:\NK Projects\express vidly\node_modules\mongoose\lib\schematype.js:1123:12)
      at ObjectId.Object.<anonymous>.SchemaType._castForQuery (D:\NK Projects\express vidly\node_modules\mongoose\lib\schematype.js:1601:15)
      at ObjectId.Object.<anonymous>.SchemaType.castForQuery (D:\NK Projects\express vidly\node_modules\mongoose\lib\schematype.js:1591:15)
      at ObjectId.Object.<anonymous>.SchemaType.castForQueryWrapper (D:\NK Projects\express vidly\node_modules\mongoose\lib\schematype.js:1568:20)
      at cast (D:\NK Projects\express vidly\node_modules\mongoose\lib\cast.js:331:32)
      at model.Query.Object.<anonymous>.Query.cast (D:\NK Projects\express vidly\node_modules\mongoose\lib\query.js:4937:12)
      at model.Query.Object.<anonymous>.Query._castConditions (D:\NK Projects\express vidly\node_modules\mongoose\lib\query.js:1975:10)
      at model.Query.<anonymous> (D:\NK Projects\express vidly\node_modules\mongoose\lib\query.js:2232:8)
      at model.Query._wrappedThunk [as _findOne] (D:\NK Projects\express vidly\node_modules\mongoose\lib\helpers\query\wrapThunk.js:16:8)
      at D:\NK Projects\express vidly\node_modules\kareem\index.js:370:33
      at processTicksAndRejections (node:internal/process/task_queues:76:11),
  valueType: 'string',
  level: 'error',
  message: 'Cast to ObjectId failed for value "1" (type string) at path "_id" for model "Genre" Cast to ObjectId failed for value "1" (type string) at path "_id" for model "Genre"',
  stack: 'CastError: Cast to ObjectId failed for value "1" (type string) at path "_id" for model "Genre"\n' +
    '    at model.Query.exec (D:\\NK Projects\\express vidly\\node_modules\\mongoose\\lib\\query.js:4498:21)\n' +
    '    at model.Query.Object.<anonymous>.Query.then (D:\\NK Projects\\express vidly\\node_modules\\mongoose\\lib\\query.js:4592:15)\n' +
    '    at processTicksAndRejections (node:internal/process/task_queues:94:5)',
  timestamp: '2021-08-02T04:26:02.966Z'
}
{
  messageFormat: undefined,
  stringValue: '"1"',
  kind: 'ObjectId',
  value: '1',
  path: '_id',
  reason: Error: Argument passed in must be a single String of 12 bytes or a string of 24 hex characters
      at new ObjectID (D:\NK Projects\express vidly\node_modules\bson\lib\bson\objectid.js:59:11)
      at castObjectId (D:\NK Projects\express vidly\node_modules\mongoose\lib\cast\objectid.js:25:12)
      at ObjectId.Object.<anonymous>.ObjectId.cast (D:\NK Projects\express vidly\node_modules\mongoose\lib\schema\objectid.js:245:12)
      at ObjectId.Object.<anonymous>.SchemaType.applySetters (D:\NK Projects\express vidly\node_modules\mongoose\lib\schematype.js:1123:12)
      at ObjectId.Object.<anonymous>.SchemaType._castForQuery (D:\NK Projects\express vidly\node_modules\mongoose\lib\schematype.js:1601:15)
      at ObjectId.Object.<anonymous>.SchemaType.castForQuery (D:\NK Projects\express vidly\node_modules\mongoose\lib\schematype.js:1591:15)
      at ObjectId.Object.<anonymous>.SchemaType.castForQueryWrapper (D:\NK Projects\express vidly\node_modules\mongoose\lib\schematype.js:1568:20)
      at cast (D:\NK Projects\express vidly\node_modules\mongoose\lib\cast.js:331:32)
      at model.Query.Object.<anonymous>.Query.cast (D:\NK Projects\express vidly\node_modules\mongoose\lib\query.js:4937:12)
      at model.Query.Object.<anonymous>.Query._castConditions (D:\NK Projects\express vidly\node_modules\mongoose\lib\query.js:1975:10)
      at model.Query.<anonymous> (D:\NK Projects\express vidly\node_modules\mongoose\lib\query.js:2232:8)
      at model.Query._wrappedThunk [as _findOne] (D:\NK Projects\express vidly\node_modules\mongoose\lib\helpers\query\wrapThunk.js:16:8)
      at D:\NK Projects\express vidly\node_modules\kareem\index.js:370:33
      at processTicksAndRejections (node:internal/process/task_queues:76:11),
  valueType: 'string',
  level: 'error',
  message: 'Cast to ObjectId failed for value "1" (type string) at path "_id" for model "Genre" Cast to ObjectId failed for value "1" (type string) at path "_id" for model "Genre"',
  stack: 'CastError: Cast to ObjectId failed for value "1" (type string) at path "_id" for model "Genre"\n' +
    '    at model.Query.exec (D:\\NK Projects\\express vidly\\node_modules\\mongoose\\lib\\query.js:4498:21)\n' +
    '    at model.Query.Object.<anonymous>.Query.then (D:\\NK Projects\\express vidly\\node_modules\\mongoose\\lib\\query.js:4592:15)\n' +
    '    at runMicrotasks (<anonymous>)\n' +
    '    at processTicksAndRejections (node:internal/process/task_queues:94:5)',
  timestamp: '2021-08-02T04:46:11.269Z'
}
{
  messageFormat: undefined,
  stringValue: '"1"',
  kind: 'ObjectId',
  value: '1',
  path: '_id',
  reason: Error: Argument passed in must be a single String of 12 bytes or a string of 24 hex characters
      at new ObjectID (D:\NK Projects\express vidly\node_modules\bson\lib\bson\objectid.js:59:11)
      at castObjectId (D:\NK Projects\express vidly\node_modules\mongoose\lib\cast\objectid.js:25:12)
      at ObjectId.Object.<anonymous>.ObjectId.cast (D:\NK Projects\express vidly\node_modules\mongoose\lib\schema\objectid.js:245:12)
      at ObjectId.Object.<anonymous>.SchemaType.applySetters (D:\NK Projects\express vidly\node_modules\mongoose\lib\schematype.js:1123:12)
      at ObjectId.Object.<anonymous>.SchemaType._castForQuery (D:\NK Projects\express vidly\node_modules\mongoose\lib\schematype.js:1601:15)
      at ObjectId.Object.<anonymous>.SchemaType.castForQuery (D:\NK Projects\express vidly\node_modules\mongoose\lib\schematype.js:1591:15)
      at ObjectId.Object.<anonymous>.SchemaType.castForQueryWrapper (D:\NK Projects\express vidly\node_modules\mongoose\lib\schematype.js:1568:20)
      at cast (D:\NK Projects\express vidly\node_modules\mongoose\lib\cast.js:331:32)
      at model.Query.Object.<anonymous>.Query.cast (D:\NK Projects\express vidly\node_modules\mongoose\lib\query.js:4937:12)
      at model.Query.Object.<anonymous>.Query._castConditions (D:\NK Projects\express vidly\node_modules\mongoose\lib\query.js:1975:10)
      at model.Query.<anonymous> (D:\NK Projects\express vidly\node_modules\mongoose\lib\query.js:2232:8)
      at model.Query._wrappedThunk [as _findOne] (D:\NK Projects\express vidly\node_modules\mongoose\lib\helpers\query\wrapThunk.js:16:8)
      at D:\NK Projects\express vidly\node_modules\kareem\index.js:370:33
      at processTicksAndRejections (node:internal/process/task_queues:76:11),
  valueType: 'string',
  level: 'error',
  message: 'Cast to ObjectId failed for value "1" (type string) at path "_id" for model "Genre" Cast to ObjectId failed for value "1" (type string) at path "_id" for model "Genre"',
  stack: 'CastError: Cast to ObjectId failed for value "1" (type string) at path "_id" for model "Genre"\n' +
    '    at model.Query.exec (D:\\NK Projects\\express vidly\\node_modules\\mongoose\\lib\\query.js:4498:21)\n' +
    '    at model.Query.Object.<anonymous>.Query.then (D:\\NK Projects\\express vidly\\node_modules\\mongoose\\lib\\query.js:4592:15)\n' +
    '    at processTicksAndRejections (node:internal/process/task_queues:94:5)',
  timestamp: '2021-08-02T04:47:29.506Z'
}
{
  messageFormat: undefined,
  stringValue: '"1"',
  kind: 'ObjectId',
  value: '1',
  path: '_id',
  reason: Error: Argument passed in must be a single String of 12 bytes or a string of 24 hex characters
      at new ObjectID (D:\NK Projects\express vidly\node_modules\bson\lib\bson\objectid.js:59:11)
      at castObjectId (D:\NK Projects\express vidly\node_modules\mongoose\lib\cast\objectid.js:25:12)
      at ObjectId.Object.<anonymous>.ObjectId.cast (D:\NK Projects\express vidly\node_modules\mongoose\lib\schema\objectid.js:245:12)
      at ObjectId.Object.<anonymous>.SchemaType.applySetters (D:\NK Projects\express vidly\node_modules\mongoose\lib\schematype.js:1123:12)
      at ObjectId.Object.<anonymous>.SchemaType._castForQuery (D:\NK Projects\express vidly\node_modules\mongoose\lib\schematype.js:1601:15)
      at ObjectId.Object.<anonymous>.SchemaType.castForQuery (D:\NK Projects\express vidly\node_modules\mongoose\lib\schematype.js:1591:15)
      at ObjectId.Object.<anonymous>.SchemaType.castForQueryWrapper (D:\NK Projects\express vidly\node_modules\mongoose\lib\schematype.js:1568:20)
      at cast (D:\NK Projects\express vidly\node_modules\mongoose\lib\cast.js:331:32)
      at model.Query.Object.<anonymous>.Query.cast (D:\NK Projects\express vidly\node_modules\mongoose\lib\query.js:4937:12)
      at model.Query.Object.<anonymous>.Query._castConditions (D:\NK Projects\express vidly\node_modules\mongoose\lib\query.js:1975:10)
      at model.Query.<anonymous> (D:\NK Projects\express vidly\node_modules\mongoose\lib\query.js:2232:8)
      at model.Query._wrappedThunk [as _findOne] (D:\NK Projects\express vidly\node_modules\mongoose\lib\helpers\query\wrapThunk.js:16:8)
      at D:\NK Projects\express vidly\node_modules\kareem\index.js:370:33
      at processTicksAndRejections (node:internal/process/task_queues:76:11),
  valueType: 'string',
  level: 'error',
  message: 'Cast to ObjectId failed for value "1" (type string) at path "_id" for model "Genre" Cast to ObjectId failed for value "1" (type string) at path "_id" for model "Genre"',
  stack: 'CastError: Cast to ObjectId failed for value "1" (type string) at path "_id" for model "Genre"\n' +
    '    at model.Query.exec (D:\\NK Projects\\express vidly\\node_modules\\mongoose\\lib\\query.js:4498:21)\n' +
    '    at model.Query.Object.<anonymous>.Query.then (D:\\NK Projects\\express vidly\\node_modules\\mongoose\\lib\\query.js:4592:15)\n' +
    '    at processTicksAndRejections (node:internal/process/task_queues:94:5)',
  timestamp: '2021-08-02T04:55:20.985Z'
}
{
  level: 'error',
  message: 'valid is not defined valid is not defined',
  stack: 'ReferenceError: valid is not defined\n' +
    '    at Object.<anonymous>.module.exports (D:\\NK Projects\\express vidly\\middleware\\objectIdValidation.js:4:4)\n' +
    '    at newFn (D:\\NK Projects\\express vidly\\node_modules\\express-async-errors\\index.js:16:20)\n' +
    '    at Layer.handle [as handle_request] (D:\\NK Projects\\express vidly\\node_modules\\express\\lib\\router\\layer.js:95:5)\n' +
    '    at trim_prefix (D:\\NK Projects\\express vidly\\node_modules\\express\\lib\\router\\index.js:317:13)\n' +
    '    at D:\\NK Projects\\express vidly\\node_modules\\express\\lib\\router\\index.js:284:7\n' +
    '    at Function.process_params (D:\\NK Projects\\express vidly\\node_modules\\express\\lib\\router\\index.js:335:12)\n' +
    '    at next (D:\\NK Projects\\express vidly\\node_modules\\express\\lib\\router\\index.js:275:10)\n' +
    '    at jsonParser (D:\\NK Projects\\express vidly\\node_modules\\body-parser\\lib\\types\\json.js:110:7)\n' +
    '    at newFn (D:\\NK Projects\\express vidly\\node_modules\\express-async-errors\\index.js:16:20)\n' +
    '    at Layer.handle [as handle_request] (D:\\NK Projects\\express vidly\\node_modules\\express\\lib\\router\\layer.js:95:5)\n' +
    '    at trim_prefix (D:\\NK Projects\\express vidly\\node_modules\\express\\lib\\router\\index.js:317:13)\n' +
    '    at D:\\NK Projects\\express vidly\\node_modules\\express\\lib\\router\\index.js:284:7\n' +
    '    at Function.process_params (D:\\NK Projects\\express vidly\\node_modules\\express\\lib\\router\\index.js:335:12)\n' +
    '    at next (D:\\NK Projects\\express vidly\\node_modules\\express\\lib\\router\\index.js:275:10)\n' +
    '    at expressInit (D:\\NK Projects\\express vidly\\node_modules\\express\\lib\\middleware\\init.js:40:5)\n' +
    '    at newFn (D:\\NK Projects\\express vidly\\node_modules\\express-async-errors\\index.js:16:20)',
  timestamp: '2021-08-02T04:57:32.365Z'
}
{
  level: 'error',
  message: 'valid is not defined valid is not defined',
  stack: 'ReferenceError: valid is not defined\n' +
    '    at Object.<anonymous>.module.exports (D:\\NK Projects\\express vidly\\middleware\\objectIdValidation.js:4:4)\n' +
    '    at newFn (D:\\NK Projects\\express vidly\\node_modules\\express-async-errors\\index.js:16:20)\n' +
    '    at Layer.handle [as handle_request] (D:\\NK Projects\\express vidly\\node_modules\\express\\lib\\router\\layer.js:95:5)\n' +
    '    at trim_prefix (D:\\NK Projects\\express vidly\\node_modules\\express\\lib\\router\\index.js:317:13)\n' +
    '    at D:\\NK Projects\\express vidly\\node_modules\\express\\lib\\router\\index.js:284:7\n' +
    '    at Function.process_params (D:\\NK Projects\\express vidly\\node_modules\\express\\lib\\router\\index.js:335:12)\n' +
    '    at next (D:\\NK Projects\\express vidly\\node_modules\\express\\lib\\router\\index.js:275:10)\n' +
    '    at jsonParser (D:\\NK Projects\\express vidly\\node_modules\\body-parser\\lib\\types\\json.js:110:7)\n' +
    '    at newFn (D:\\NK Projects\\express vidly\\node_modules\\express-async-errors\\index.js:16:20)\n' +
    '    at Layer.handle [as handle_request] (D:\\NK Projects\\express vidly\\node_modules\\express\\lib\\router\\layer.js:95:5)\n' +
    '    at trim_prefix (D:\\NK Projects\\express vidly\\node_modules\\express\\lib\\router\\index.js:317:13)\n' +
    '    at D:\\NK Projects\\express vidly\\node_modules\\express\\lib\\router\\index.js:284:7\n' +
    '    at Function.process_params (D:\\NK Projects\\express vidly\\node_modules\\express\\lib\\router\\index.js:335:12)\n' +
    '    at next (D:\\NK Projects\\express vidly\\node_modules\\express\\lib\\router\\index.js:275:10)\n' +
    '    at expressInit (D:\\NK Projects\\express vidly\\node_modules\\express\\lib\\middleware\\init.js:40:5)\n' +
    '    at newFn (D:\\NK Projects\\express vidly\\node_modules\\express-async-errors\\index.js:16:20)',
  timestamp: '2021-08-02T04:57:32.430Z'
}
{
  messageFormat: undefined,
  stringValue: '"1"',
  kind: 'ObjectId',
  value: '1',
  path: '_id',
  reason: Error: Argument passed in must be a single String of 12 bytes or a string of 24 hex characters
      at new ObjectID (D:\NK Projects\express vidly\node_modules\bson\lib\bson\objectid.js:59:11)
      at castObjectId (D:\NK Projects\express vidly\node_modules\mongoose\lib\cast\objectid.js:25:12)
      at ObjectId.Object.<anonymous>.ObjectId.cast (D:\NK Projects\express vidly\node_modules\mongoose\lib\schema\objectid.js:245:12)
      at ObjectId.Object.<anonymous>.SchemaType.applySetters (D:\NK Projects\express vidly\node_modules\mongoose\lib\schematype.js:1123:12)
      at ObjectId.Object.<anonymous>.SchemaType._castForQuery (D:\NK Projects\express vidly\node_modules\mongoose\lib\schematype.js:1601:15)
      at ObjectId.Object.<anonymous>.SchemaType.castForQuery (D:\NK Projects\express vidly\node_modules\mongoose\lib\schematype.js:1591:15)
      at ObjectId.Object.<anonymous>.SchemaType.castForQueryWrapper (D:\NK Projects\express vidly\node_modules\mongoose\lib\schematype.js:1568:20)
      at cast (D:\NK Projects\express vidly\node_modules\mongoose\lib\cast.js:331:32)
      at model.Query.Object.<anonymous>.Query.cast (D:\NK Projects\express vidly\node_modules\mongoose\lib\query.js:4937:12)
      at model.Query.Object.<anonymous>.Query._castConditions (D:\NK Projects\express vidly\node_modules\mongoose\lib\query.js:1975:10)
      at model.Query.<anonymous> (D:\NK Projects\express vidly\node_modules\mongoose\lib\query.js:2232:8)
      at model.Query._wrappedThunk [as _findOne] (D:\NK Projects\express vidly\node_modules\mongoose\lib\helpers\query\wrapThunk.js:16:8)
      at D:\NK Projects\express vidly\node_modules\kareem\index.js:370:33
      at processTicksAndRejections (node:internal/process/task_queues:76:11),
  valueType: 'string',
  level: 'error',
  message: 'Cast to ObjectId failed for value "1" (type string) at path "_id" for model "Genre" Cast to ObjectId failed for value "1" (type string) at path "_id" for model "Genre"',
  stack: 'CastError: Cast to ObjectId failed for value "1" (type string) at path "_id" for model "Genre"\n' +
    '    at model.Query.exec (D:\\NK Projects\\express vidly\\node_modules\\mongoose\\lib\\query.js:4498:21)\n' +
    '    at model.Query.Object.<anonymous>.Query.then (D:\\NK Projects\\express vidly\\node_modules\\mongoose\\lib\\query.js:4592:15)\n' +
    '    at processTicksAndRejections (node:internal/process/task_queues:94:5)',
  timestamp: '2021-08-02T04:59:03.316Z'
}
{
  level: 'error',
  message: 'valid is not defined valid is not defined',
  stack: 'ReferenceError: valid is not defined\n' +
    '    at Object.<anonymous>.module.exports (D:\\NK Projects\\express vidly\\middleware\\objectIdValidation.js:4:4)\n' +
    '    at newFn (D:\\NK Projects\\express vidly\\node_modules\\express-async-errors\\index.js:16:20)\n' +
    '    at Layer.handle [as handle_request] (D:\\NK Projects\\express vidly\\node_modules\\express\\lib\\router\\layer.js:95:5)\n' +
    '    at next (D:\\NK Projects\\express vidly\\node_modules\\express\\lib\\router\\route.js:137:13)\n' +
    '    at Route.dispatch (D:\\NK Projects\\express vidly\\node_modules\\express\\lib\\router\\route.js:112:3)\n' +
    '    at newFn (D:\\NK Projects\\express vidly\\node_modules\\express-async-errors\\index.js:16:20)\n' +
    '    at Layer.handle [as handle_request] (D:\\NK Projects\\express vidly\\node_modules\\express\\lib\\router\\layer.js:95:5)\n' +
    '    at D:\\NK Projects\\express vidly\\node_modules\\express\\lib\\router\\index.js:281:22\n' +
    '    at param (D:\\NK Projects\\express vidly\\node_modules\\express\\lib\\router\\index.js:354:14)\n' +
    '    at param (D:\\NK Projects\\express vidly\\node_modules\\express\\lib\\router\\index.js:365:14)\n' +
    '    at Function.process_params (D:\\NK Projects\\express vidly\\node_modules\\express\\lib\\router\\index.js:410:3)\n' +
    '    at next (D:\\NK Projects\\express vidly\\node_modules\\express\\lib\\router\\index.js:275:10)\n' +
    '    at expressInit (D:\\NK Projects\\express vidly\\node_modules\\express\\lib\\middleware\\init.js:40:5)\n' +
    '    at newFn (D:\\NK Projects\\express vidly\\node_modules\\express-async-errors\\index.js:16:20)\n' +
    '    at Layer.handle [as handle_request] (D:\\NK Projects\\express vidly\\node_modules\\express\\lib\\router\\layer.js:95:5)\n' +
    '    at trim_prefix (D:\\NK Projects\\express vidly\\node_modules\\express\\lib\\router\\index.js:317:13)',
  timestamp: '2021-08-02T05:00:48.388Z'
}
{
  name: 'MulterError',
  message: 'Unexpected field Unexpected field',
  code: 'LIMIT_UNEXPECTED_FILE',
  field: 'filename',
  storageErrors: [],
  level: 'error',
  stack: 'MulterError: Unexpected field\n' +
    '    at wrappedFileFilter (D:\\NK Projects\\express vidly\\node_modules\\multer\\index.js:40:19)\n' +
    '    at Busboy.<anonymous> (D:\\NK Projects\\express vidly\\node_modules\\multer\\lib\\make-middleware.js:114:7)\n' +
    '    at Busboy.emit (node:events:378:20)\n' +
    '    at Busboy.emit (D:\\NK Projects\\express vidly\\node_modules\\busboy\\lib\\main.js:38:33)\n' +
    '    at PartStream.<anonymous> (D:\\NK Projects\\express vidly\\node_modules\\busboy\\lib\\types\\multipart.js:213:13)\n' +
    '    at PartStream.emit (node:events:378:20)\n' +
    '    at HeaderParser.<anonymous> (D:\\NK Projects\\express vidly\\node_modules\\dicer\\lib\\Dicer.js:51:16)\n' +
    '    at HeaderParser.emit (node:events:378:20)\n' +
    '    at HeaderParser._finish (D:\\NK Projects\\express vidly\\node_modules\\dicer\\lib\\HeaderParser.js:68:8)\n' +
    '    at SBMH.<anonymous> (D:\\NK Projects\\express vidly\\node_modules\\dicer\\lib\\HeaderParser.js:40:12)\n' +
    '    at SBMH.emit (node:events:378:20)\n' +
    '    at SBMH._sbmh_feed (D:\\NK Projects\\express vidly\\node_modules\\streamsearch\\lib\\sbmh.js:159:14)\n' +
    '    at SBMH.push (D:\\NK Projects\\express vidly\\node_modules\\streamsearch\\lib\\sbmh.js:56:14)\n' +
    '    at HeaderParser.push (D:\\NK Projects\\express vidly\\node_modules\\dicer\\lib\\HeaderParser.js:46:19)\n' +
    '    at Dicer._oninfo (D:\\NK Projects\\express vidly\\node_modules\\dicer\\lib\\Dicer.js:197:25)\n' +
    '    at SBMH.<anonymous> (D:\\NK Projects\\express vidly\\node_modules\\dicer\\lib\\Dicer.js:127:10)',
  timestamp: '2021-08-02T10:55:11.955Z'
}
{
  level: 'error',
  message: 'Operation `images.findOne()` buffering timed out after 10000ms Operation `images.findOne()` buffering timed out after 10000ms',
  stack: 'MongooseError: Operation `images.findOne()` buffering timed out after 10000ms\n' +
    '    at Timeout.<anonymous> (D:\\NK Projects\\express vidly\\node_modules\\mongoose\\lib\\drivers\\node-mongodb-native\\collection.js:197:23)\n' +
    '    at listOnTimeout (node:internal/timers:556:17)\n' +
    '    at processTimers (node:internal/timers:499:7)',
  timestamp: '2021-08-02T10:58:12.323Z'
}
{
  level: 'error',
  message: "Cannot read property 'findOne' of undefined Cannot read property 'findOne' of undefined",
  stack: "TypeError: Cannot read property 'findOne' of undefined\n" +
    '    at D:\\NK Projects\\express vidly\\routes\\image.js:17:33\n' +
    '    at newFn (D:\\NK Projects\\express vidly\\node_modules\\express-async-errors\\index.js:16:20)\n' +
    '    at Layer.handle [as handle_request] (D:\\NK Projects\\express vidly\\node_modules\\express\\lib\\router\\layer.js:95:5)\n' +
    '    at next (D:\\NK Projects\\express vidly\\node_modules\\express\\lib\\router\\route.js:137:13)\n' +
    '    at Immediate.<anonymous> (D:\\NK Projects\\express vidly\\node_modules\\multer\\lib\\make-middleware.js:53:37)\n' +
    '    at processImmediate (node:internal/timers:465:21)',
  timestamp: '2021-08-02T11:01:24.713Z'
}
{
  level: 'error',
  message: 'Operation `images.findOne()` buffering timed out after 10000ms Operation `images.findOne()` buffering timed out after 10000ms',
  stack: 'MongooseError: Operation `images.findOne()` buffering timed out after 10000ms\n' +
    '    at Timeout.<anonymous> (D:\\NK Projects\\express vidly\\node_modules\\mongoose\\lib\\drivers\\node-mongodb-native\\collection.js:197:23)\n' +
    '    at listOnTimeout (node:internal/timers:556:17)\n' +
    '    at processTimers (node:internal/timers:499:7)',
  timestamp: '2021-08-02T11:03:55.195Z'
}
{
  level: 'error',
  message: 'Operation `images.find()` buffering timed out after 10000ms Operation `images.find()` buffering timed out after 10000ms',
  stack: 'MongooseError: Operation `images.find()` buffering timed out after 10000ms\n' +
    '    at Timeout.<anonymous> (D:\\NK Projects\\express vidly\\node_modules\\mongoose\\lib\\drivers\\node-mongodb-native\\collection.js:197:23)\n' +
    '    at listOnTimeout (node:internal/timers:556:17)\n' +
    '    at processTimers (node:internal/timers:499:7)',
  timestamp: '2021-08-02T11:06:12.869Z'
}
{
  level: 'error',
  message: 'Operation `images.insertOne()` buffering timed out after 10000ms Operation `images.insertOne()` buffering timed out after 10000ms',
  stack: 'MongooseError: Operation `images.insertOne()` buffering timed out after 10000ms\n' +
    '    at Timeout.<anonymous> (D:\\NK Projects\\express vidly\\node_modules\\mongoose\\lib\\drivers\\node-mongodb-native\\collection.js:197:23)\n' +
    '    at listOnTimeout (node:internal/timers:556:17)\n' +
    '    at processTimers (node:internal/timers:499:7)',
  timestamp: '2021-08-02T11:07:57.999Z'
}
{
  level: 'error',
  message: 'Operation `genres.find()` buffering timed out after 10000ms Operation `genres.find()` buffering timed out after 10000ms',
  stack: 'MongooseError: Operation `genres.find()` buffering timed out after 10000ms\n' +
    '    at Timeout.<anonymous> (D:\\NK Projects\\express vidly\\node_modules\\mongoose\\lib\\drivers\\node-mongodb-native\\collection.js:197:23)\n' +
    '    at listOnTimeout (node:internal/timers:556:17)\n' +
    '    at processTimers (node:internal/timers:499:7)',
  timestamp: '2021-08-02T17:38:45.534Z'
}
